<?xml version="1.0" encoding="UTF-8"?>
<testsuite name="co.com.templay.pom.runners.LoginRunner" tests="2" skipped="0" failures="0" errors="0" timestamp="2024-01-27T01:18:22" hostname="DESKTOP-H392E30" time="27.75">
  <properties/>
  <testcase name="Login failed" classname="co.com.templay.pom.runners.LoginRunner" time="15.576"/>
  <testcase name="Login exitoso" classname="co.com.templay.pom.runners.LoginRunner" time="12.173"/>
  <system-out><![CDATA[2024-01-26 20:18:22,150 INFO   r.core.plugin.SerenityReporter: Running feature from file:///D:/Cursos/Proyectos%20Java/ProyectoBasePOM/src/test/resources/features/inicioSesion.feature
2024-01-26 20:18:22,370 INFO   logging.ConsoleLoggingListener: 

-------------------------------------------------------------------------------------
     _______. _______ .______       _______ .__   __.  __  .___________.____    ____ 
    /       ||   ____||   _  \     |   ____||  \ |  | |  | |           |\   \  /   / 
   |   (----`|  |__   |  |_)  |    |  |__   |   \|  | |  | `---|  |----` \   \/   /  
    \   \    |   __|  |      /     |   __|  |  . `  | |  |     |  |       \_    _/   
.----)   |   |  |____ |  |\  \----.|  |____ |  |\   | |  |     |  |         |  |     
|_______/    |_______|| _| `._____||_______||__| \__| |__|     |__|         |__|    
                                                                                     
 News and tutorials at http://www.serenity-bdd.info                                  
 Documentation at https://wakaleo.gitbooks.io/the-serenity-book/content/             
 Join the Serenity Community on Gitter: https://gitter.im/serenity-bdd/serenity-core 
 Serenity BDD Support and Training at http://serenity-bdd.info/#/trainingandsupport  
-------------------------------------------------------------------------------------

2024-01-26 20:18:22,377 INFO   logging.ConsoleLoggingListener: Test Suite Started: inicio de sesion
2024-01-26 20:18:22,405 INFO   r.core.plugin.SerenityReporter: Running feature from file:///D:/Cursos/Proyectos%20Java/ProyectoBasePOM/src/test/resources/features/inicioSesion.feature
2024-01-26 20:18:22,410 INFO   logging.ConsoleLoggingListener: Test Suite Started: inicio de sesion

@HU @Test1
Esquema del escenario: Login failed                          ?[90m# src/test/resources/features/inicioSesion.feature:22?[0m
2024-01-26 20:18:22,504 INFO   r.core.plugin.SerenityReporter: Running feature from file:///D:/Cursos/Proyectos%20Java/ProyectoBasePOM/src/test/resources/features/inicioSesion.feature
2024-01-26 20:18:22,537 INFO   logging.ConsoleLoggingListener: 
  _____   ___   ___   _____     ___   _____     _     ___   _____   ___   ___  
 |_   _| | __| / __| |_   _|   / __| |_   _|   /_\   | _ \ |_   _| | __| |   \ 
   | |   | _|  \__ \   | |     \__ \   | |    / _ \  |   /   | |   | _|  | |) |
   |_|   |___| |___/   |_|     |___/   |_|   /_/ \_\ |_|_\   |_|   |___| |___/ 

<Escenario>(inicio-de-sesion;<escenario>)
--------------------------------------------------------------------------------
2024-01-26 20:18:22,869 INFO   ers.DownloadableDriverProvider: Using automatically driver download
2024-01-26 20:18:23,486 INFO   onigarcia.wdm.WebDriverManager: Using geckodriver 0.34.0 (resolved driver for Firefox 121)
2024-01-26 20:18:23,509 INFO   onigarcia.wdm.WebDriverManager: Exporting webdriver.gecko.driver as C:\Users\Jose\.cache\selenium\geckodriver\win64\0.34.0\geckodriver.exe
2024-01-26 20:18:30,947 INFO   m.templay.pom.steps.LoginSteps: abrir Pagina Web http://demo.guru99.com/V4/index.php
  ?[32mDado ?[0m?[32mque el usuario navega a la pagina de inicio de sesion?[0m ?[90m# co.com.templay.pom.stepdefinitions.LoginStepDefinitions.queElUsuarioNavegaALaPaginaDeInicioDeSesion()?[0m
2024-01-26 20:18:36,588 INFO   m.templay.pom.steps.LoginSteps: Limpiando campos: ...
2024-01-26 20:18:36,640 INFO   m.templay.pom.steps.LoginSteps: Escribir usuario: adm1n
2024-01-26 20:18:36,745 INFO   m.templay.pom.steps.LoginSteps: Escribir clave: seren1ty
  ?[32mCuando ?[0m?[32mingresa sus credenciales?[0m                            ?[90m# co.com.templay.pom.stepdefinitions.LoginStepDefinitions.ingresaSusCredenciales(io.cucumber.datatable.DataTable)?[0m
    | adm1n | seren1ty |
  ?[32mEntonces ?[0m?[32mdeberia ver la pagina principal?[0m                   ?[90m# co.com.templay.pom.stepdefinitions.LoginStepDefinitions.deberiaVerLaPaginaPrincipal()?[0m
2024-01-26 20:18:37,981 INFO   logging.ConsoleLoggingListener: 
  _____   ___   ___   _____     ___     _     ___   ___   ___   ___  
 |_   _| | __| / __| |_   _|   | _ \   /_\   / __| / __| | __| |   \ 
   | |   | _|  \__ \   | |     |  _/  / _ \  \__ \ \__ \ | _|  | |) |
   |_|   |___| |___/   |_|     |_|   /_/ \_\ |___/ |___/ |___| |___/ 

< escenario>
----------------------------------------------------------------------

@HU @Test1
Esquema del escenario: Login exitoso                         ?[90m# src/test/resources/features/inicioSesion.feature:23?[0m
2024-01-26 20:18:37,998 INFO   r.core.plugin.SerenityReporter: Running feature from file:///D:/Cursos/Proyectos%20Java/ProyectoBasePOM/src/test/resources/features/inicioSesion.feature
2024-01-26 20:18:43,488 INFO   m.templay.pom.steps.LoginSteps: abrir Pagina Web http://demo.guru99.com/V4/index.php
  ?[32mDado ?[0m?[32mque el usuario navega a la pagina de inicio de sesion?[0m ?[90m# co.com.templay.pom.stepdefinitions.LoginStepDefinitions.queElUsuarioNavegaALaPaginaDeInicioDeSesion()?[0m
2024-01-26 20:18:48,678 INFO   m.templay.pom.steps.LoginSteps: Limpiando campos: ...
2024-01-26 20:18:48,723 INFO   m.templay.pom.steps.LoginSteps: Escribir usuario: admin
2024-01-26 20:18:48,818 INFO   m.templay.pom.steps.LoginSteps: Escribir clave: serenity
  ?[32mCuando ?[0m?[32mingresa sus credenciales?[0m                            ?[90m# co.com.templay.pom.stepdefinitions.LoginStepDefinitions.ingresaSusCredenciales(io.cucumber.datatable.DataTable)?[0m
    | admin | serenity |
  ?[32mEntonces ?[0m?[32mdeberia ver la pagina principal?[0m                   ?[90m# co.com.templay.pom.stepdefinitions.LoginStepDefinitions.deberiaVerLaPaginaPrincipal()?[0m
2024-01-26 20:18:50,161 INFO   logging.ConsoleLoggingListener: 
  _____   ___   ___   _____     ___     _     ___   ___   ___   ___  
 |_   _| | __| / __| |_   _|   | _ \   /_\   / __| / __| | __| |   \ 
   | |   | _|  \__ \   | |     |  _/  / _ \  \__ \ \__ \ | _|  | |) |
   |_|   |___| |___/   |_|     |_|   /_/ \_\ |___/ |___/ |___| |___/ 

< escenario>
----------------------------------------------------------------------
]]></system-out>
  <system-err><![CDATA[?[32m?[1m??????????????????????????????????????????????????????????????????????????????????????[0m
?[32m?[1m??[0m Share your Cucumber Report with your team at ?[36m?[1m?[4mhttps://reports.cucumber.io?[0m          ?[32m?[1m??[0m
?[32m?[1m??[0m Activate publishing with one of the following:                                    ?[32m?[1m??[0m
?[32m?[1m??[0m                                                                                   ?[32m?[1m??[0m
?[32m?[1m??[0m src/test/resources/cucumber.properties:          ?[36mcucumber.publish.enabled?[0m=?[36mtrue?[0m    ?[32m?[1m??[0m
?[32m?[1m??[0m src/test/resources/junit-platform.properties:    ?[36mcucumber.publish.enabled?[0m=?[36mtrue?[0m    ?[32m?[1m??[0m
?[32m?[1m??[0m Environment variable:                            ?[36mCUCUMBER_PUBLISH_ENABLED?[0m=?[36mtrue?[0m    ?[32m?[1m??[0m
?[32m?[1m??[0m JUnit:                                           ?[36m@CucumberOptions?[0m(publish = ?[36mtrue?[0m) ?[32m?[1m??[0m
?[32m?[1m??[0m                                                                                   ?[32m?[1m??[0m
?[32m?[1m??[0m More information at ?[36mhttps://cucumber.io/docs/cucumber/environment-variables/?[0m      ?[32m?[1m??[0m
?[32m?[1m??[0m                                                                                   ?[32m?[1m??[0m
?[32m?[1m??[0m Disable this message with one of the following:                                   ?[32m?[1m??[0m
?[32m?[1m??[0m                                                                                   ?[32m?[1m??[0m
?[32m?[1m??[0m src/test/resources/cucumber.properties:          ?[36mcucumber.publish.quiet?[0m=?[36mtrue?[0m      ?[32m?[1m??[0m
?[32m?[1m??[0m src/test/resources/junit-platform.properties:    ?[36mcucumber.publish.quiet?[0m=?[36mtrue?[0m      ?[32m?[1m??[0m
?[32m?[1m??????????????????????????????????????????????????????????????????????????????????????[0m
]]></system-err>
</testsuite>
